Shuffling the deck
cut at 39
cut at 22
cut at 33
cut at 37
cut at 38
cut at 37
cut at 38
Hand 1 bankroll 100
Player bets 5
Player dealt King of Spades
Dealer dealt Three of Diamonds
Player dealt Six of Diamonds
Player's total is 16
Dealer's hole card is Four of Spades
Dealer dealt Ten of Hearts
Dealer's total is 17
Dealer wins
Hand 2 bankroll 95
Player bets 5
Player dealt King of Hearts
Dealer dealt Ace of Clubs
Player dealt Seven of Hearts
Player's total is 17
Dealer's hole card is Three of Clubs
Dealer dealt Jack of Spades
Dealer dealt Eight of Diamonds
Dealer's total is 22
Dealer busts
Hand 3 bankroll 100
Player bets 5
Player dealt Eight of Clubs
Dealer dealt Two of Spades
Player dealt Nine of Spades
Player's total is 17
Dealer's hole card is Jack of Hearts
Dealer dealt Ten of Diamonds
Dealer's total is 22
Dealer busts
Hand 4 bankroll 105
Player bets 5
Player dealt Jack of Diamonds
Dealer dealt Ace of Spades
Player dealt Eight of Spades
Player's total is 18
Dealer's hole card is Four of Hearts
Dealer dealt Ace of Diamonds
Dealer dealt Ace of Hearts
Dealer's total is 17
Player wins
Hand 5 bankroll 110
Player bets 5
Player dealt Queen of Hearts
Dealer dealt Six of Spades
Player dealt Four of Clubs
Player's total is 14
Dealer's hole card is Five of Clubs
Dealer dealt Nine of Diamonds
Dealer's total is 20
Dealer wins
Hand 6 bankroll 105
Player bets 5
Player dealt Nine of Clubs
Dealer dealt Three of Spades
Player dealt King of Diamonds
Player's total is 19
Dealer's hole card is Queen of Diamonds
Dealer dealt Five of Diamonds
Dealer's total is 18
Player wins
Hand 7 bankroll 110
Player bets 5
Player dealt Two of Hearts
Dealer dealt Eight of Hearts
Player dealt Six of Clubs
Player's total is 24
Player busts
Hand 8 bankroll 105
shuffling the deck
cut at 23
shuffling the deck
cut at 23
shuffling the deck
cut at 22
shuffling the deck
cut at 39
shuffling the deck
cut at 33
shuffling the deck
cut at 19
shuffling the deck
cut at 25
Player bets 5
Player dealt Three of Clubs
Dealer dealt Ace of Spades
Player dealt Ace of Hearts
Player's total is 24
Player busts
Hand 9 bankroll 100
Player bets 5
Player dealt Ten of Hearts
Dealer dealt Nine of Diamonds
Player dealt Queen of Hearts
Player's total is 20
Dealer's hole card is Five of Hearts
Dealer dealt Two of Clubs
Dealer dealt Six of Spades
Dealer's total is 22
Dealer busts
Hand 10 bankroll 105
Player bets 5
Player dealt Four of Spades
Dealer dealt Seven of Diamonds
Player dealt Three of Hearts
Player's total is 17
Dealer's hole card is Ace of Diamonds
Dealer's total is 18
Dealer wins
Player has 100 after 10 hands
