Shuffling the deck
cut at 39
cut at 22
cut at 33
cut at 37
cut at 38
cut at 37
cut at 38
Hand 1 bankroll 100
Player bets 5
Player dealt King of Spades
Dealer dealt Three of Diamonds
Player dealt Six of Diamonds
Player's total is 16
Dealer's hole card is Four of Spades
Dealer dealt Ten of Hearts
Dealer's total is 17
Dealer wins
Hand 2 bankroll 95
Player bets 5
Player dealt King of Hearts
Dealer dealt Ace of Clubs
Player dealt Seven of Hearts
Player's total is 17
Dealer's hole card is Three of Clubs
Dealer dealt Jack of Spades
Dealer dealt Eight of Diamonds
Dealer's total is 22
Dealer busts
Hand 3 bankroll 100
Player bets 5
Player dealt Eight of Clubs
Dealer dealt Two of Spades
Player dealt Nine of Spades
Player's total is 17
Dealer's hole card is Jack of Hearts
Dealer dealt Ten of Diamonds
Dealer's total is 22
Dealer busts
Hand 4 bankroll 105
Player bets 5
Player dealt Jack of Diamonds
Dealer dealt Ace of Spades
Player dealt Eight of Spades
Player's total is 18
Dealer's hole card is Four of Hearts
Dealer dealt Ace of Diamonds
Dealer dealt Ace of Hearts
Dealer's total is 17
Player wins
Hand 5 bankroll 110
Player bets 5
Player dealt Queen of Hearts
Dealer dealt Six of Spades
Player dealt Four of Clubs
Player's total is 14
Dealer's hole card is Five of Clubs
Dealer dealt Nine of Diamonds
Dealer's total is 20
Dealer wins
Hand 6 bankroll 105
Player bets 5
Player dealt Nine of Clubs
Dealer dealt Three of Spades
Player dealt King of Diamonds
Player's total is 19
Dealer's hole card is Queen of Diamonds
Dealer dealt Five of Diamonds
Dealer's total is 18
Player wins
Hand 7 bankroll 110
Player bets 5
Player dealt Two of Hearts
Dealer dealt Eight of Hearts
Player dealt Six of Clubs
Player dealt Four of Diamonds
Player dealt Two of Clubs
Player dealt Queen of Spades
Player's total is 24
Player busts
Hand 8 bankroll 105
shuffling the deck
cut at 23
shuffling the deck
cut at 23
shuffling the deck
cut at 22
shuffling the deck
cut at 39
shuffling the deck
cut at 33
shuffling the deck
cut at 19
shuffling the deck
cut at 25
Player bets 5
Player dealt Three of Clubs
Dealer dealt Ace of Spades
Player dealt Ace of Hearts
Player dealt Eight of Diamonds
Player dealt Two of Hearts
Player dealt Queen of Clubs
Player's total is 24
Player busts
Hand 9 bankroll 100
Player bets 5
Player dealt Ten of Hearts
Dealer dealt Nine of Diamonds
Player dealt Queen of Hearts
Player's total is 20
Dealer's hole card is Five of Hearts
Dealer dealt Two of Clubs
Dealer dealt Six of Spades
Dealer's total is 22
Dealer busts
Hand 10 bankroll 105
Player bets 5
Player dealt Four of Spades
Dealer dealt Seven of Diamonds
Player dealt Three of Hearts
Player dealt Ten of Clubs
Player's total is 17
Dealer's hole card is Ace of Diamonds
Dealer's total is 18
Dealer wins
Hand 11 bankroll 100
Player bets 5
Player dealt Eight of Hearts
Dealer dealt Five of Diamonds
Player dealt Three of Spades
Player dealt Ten of Spades
Player's total is 21
Dealer's hole card is Two of Diamonds
Dealer dealt Five of Spades
Dealer dealt Queen of Spades
Dealer's total is 22
Dealer busts
Hand 12 bankroll 105
Player bets 10
Player dealt Six of Clubs
Dealer dealt Two of Spades
Player dealt Six of Diamonds
Player dealt Ten of Diamonds
Player's total is 22
Player busts
Hand 13 bankroll 95
Player bets 10
Player dealt Ace of Clubs
Dealer dealt Eight of Clubs
Player dealt Seven of Spades
Player's total is 18
Dealer's hole card is King of Diamonds
Dealer's total is 18
Push
Hand 14 bankroll 95
shuffling the deck
cut at 23
shuffling the deck
cut at 24
shuffling the deck
cut at 31
shuffling the deck
cut at 22
shuffling the deck
cut at 27
shuffling the deck
cut at 34
shuffling the deck
cut at 30
Player bets 5
Player dealt Nine of Spades
Dealer dealt Two of Hearts
Player dealt Five of Spades
Player's total is 14
Dealer's hole card is Four of Spades
Dealer dealt Seven of Spades
Dealer dealt Nine of Diamonds
Dealer's total is 22
Dealer busts
Hand 15 bankroll 100
Player bets 10
Player dealt Jack of Spades
Dealer dealt Ten of Spades
Player dealt Six of Diamonds
Player dealt Seven of Clubs
Player's total is 23
Player busts
Hand 16 bankroll 90
Player bets 10
Player dealt King of Spades
Dealer dealt Five of Clubs
Player dealt Four of Hearts
Player's total is 14
Dealer's hole card is Eight of Clubs
Dealer dealt Ten of Hearts
Dealer's total is 23
Dealer busts
Hand 17 bankroll 100
Player bets 10
Player dealt Nine of Clubs
Dealer dealt Ten of Diamonds
Player dealt Two of Spades
Player dealt Four of Diamonds
Player dealt King of Clubs
Player's total is 25
Player busts
Hand 18 bankroll 90
Player bets 10
Player dealt Six of Spades
Dealer dealt Ace of Hearts
Player dealt Six of Clubs
Player dealt Four of Clubs
Player dealt Ace of Diamonds
Player's total is 17
Dealer's hole card is Eight of Hearts
Dealer's total is 19
Dealer wins
Hand 19 bankroll 80
Player bets 10
Player dealt Six of Hearts
Dealer dealt Two of Clubs
Player dealt Three of Spades
Player dealt King of Diamonds
Player's total is 19
Dealer's hole card is Jack of Clubs
Dealer dealt Queen of Clubs
Dealer's total is 22
Dealer busts
Hand 20 bankroll 90
shuffling the deck
cut at 24
shuffling the deck
cut at 21
shuffling the deck
cut at 33
shuffling the deck
cut at 39
shuffling the deck
cut at 27
shuffling the deck
cut at 20
shuffling the deck
cut at 21
Player bets 5
Player dealt Four of Clubs
Dealer dealt Six of Spades
Player dealt Nine of Spades
Player's total is 13
Dealer's hole card is Four of Diamonds
Dealer dealt Seven of Hearts
Dealer's total is 17
Dealer wins
Player has 85 after 20 hands
