Starting tick #0
Call from a3 a regular member
Answering call from a3
Starting tick #1
Starting tick #2
Call from a1 a silver member
Call from a2 a platinum member
Call from Zhang a platinum member
Answering call from a2
Starting tick #3
Call from Kevin a gold member
Starting tick #4
Starting tick #5
Starting tick #6
Call from a4 a regular member
Call from a5 a platinum member
Starting tick #7
Starting tick #8
Answering call from Zhang
Starting tick #9
Starting tick #10
Starting tick #11
Starting tick #12
Starting tick #13
Answering call from a5
Starting tick #14
Starting tick #15
Starting tick #16
Starting tick #17
Answering call from Kevin
Starting tick #18
Starting tick #19
Answering call from a1
Starting tick #20
Answering call from a4
Starting tick #21
Call from a6 a regular member
Starting tick #22
Starting tick #23
Starting tick #24
Starting tick #25
Answering call from a6
Starting tick #26
Starting tick #27
Starting tick #28
Starting tick #29
